<?xml version="1.0" encoding="UTF-8"?>
<!-- Generated by org.testng.reporters.JUnitReportReporter -->
<testsuite hostname="LAPTOP-31STHN3D" failures="0" tests="2" name="runners.LoginAndLeaveRunner" time="18.593" errors="0" timestamp="2025-04-27T17:00:27 IST" skipped="0">
  <testcase classname="runners.LoginAndLeaveRunner" name="runScenario" time="13.837"/>
  <testcase classname="runners.LoginAndLeaveRunner" name="runScenario" time="4.756"/>
</testsuite> <!-- runners.LoginAndLeaveRunner -->
